STEP translation to Solid Edge
Date: pühapäev,detsember 17,2023 02:14PM
Source File: D:\GitHub\Arduino-Robotic-Arm\3D files\Arm Files\STEP\Arduino Robot Arm 3D Model STEP File.STEP
Author: Unknown
Organization: Unknown
Source System: SolidWorks 2017

Hardware:
Processor: AMD Ryzen 5 5600X 6-Core Processor             
Operating System: Windows 10 Professional
Installed Memory: 15.91 GB

Software Information
Parasolid Version: 34.0.153
PSBodyShop Version: 34.0.110
Step Adapter Version: 9.0.92
Solid Edge Version: 222.00.00.132 x64

Step Import Options
Import Faceted Bodies: On
Import Check Bodies: Off
Import Curves: On
Import DoNotSave: On
Import Multiple Bodies As Single Part File: On
Import Stitch Surfaces: On
Import Boolean Solids: On
Make Base Feature: On
Simplify Geometry: On
Import Imprint Curves: On
Import Drive: C:
Import Stitch Surfaces: On
Import Surfaces: On
Import Output Path: D:\GitHub\Arduino-Robotic-Arm\3D files\Arm Files\STEP
Import Enable Default Output Path: On
Import PMI: Off
Import As Internal Components: Off
Import Path: 

Translating to Parasolid data types...
+Begin Assembly: 1
+Created SE Assembly File D:\GitHub\Arduino-Robotic-Arm\3D files\Arm Files\STEP\Arduino Robot Arm 3D Model STEP File.asm
|--+Created SE Part File D:\GitHub\Arduino-Robotic-Arm\3D files\Arm Files\STEP\Base.par
|--+Created SE Part File D:\GitHub\Arduino-Robotic-Arm\3D files\Arm Files\STEP\Servo Motor MG996R.par
|--+Created SE Part File D:\GitHub\Arduino-Robotic-Arm\3D files\Arm Files\STEP\Waist.par
|--+Reusing File D:\GitHub\Arduino-Robotic-Arm\3D files\Arm Files\STEP\Servo Motor MG996R.par
|--+Created SE Part File D:\GitHub\Arduino-Robotic-Arm\3D files\Arm Files\STEP\Arm 01.par
|--+Created SE Part File D:\GitHub\Arduino-Robotic-Arm\3D files\Arm Files\STEP\Servo Motor Micro  9g.par
|--+Reusing File D:\GitHub\Arduino-Robotic-Arm\3D files\Arm Files\STEP\Servo Motor MG996R.par
|--+Created SE Part File D:\GitHub\Arduino-Robotic-Arm\3D files\Arm Files\STEP\Arm 02 v3.par
|--+Created SE Part File D:\GitHub\Arduino-Robotic-Arm\3D files\Arm Files\STEP\Arm 03.par
|--+Reusing File D:\GitHub\Arduino-Robotic-Arm\3D files\Arm Files\STEP\Servo Motor Micro  9g.par
|--+Begin Assembly: 2
|--+Created SE Assembly File D:\GitHub\Arduino-Robotic-Arm\3D files\Arm Files\STEP\Gripper Assembly.asm
|  |--+Created SE Part File D:\GitHub\Arduino-Robotic-Arm\3D files\Arm Files\STEP\gear1.par
|  |--+Created SE Part File D:\GitHub\Arduino-Robotic-Arm\3D files\Arm Files\STEP\gear2.par
|  |--+Created SE Part File D:\GitHub\Arduino-Robotic-Arm\3D files\Arm Files\STEP\grip link 1.par
|  |--+Created SE Part File D:\GitHub\Arduino-Robotic-Arm\3D files\Arm Files\STEP\Gripper base.par
|  |--+Reusing File D:\GitHub\Arduino-Robotic-Arm\3D files\Arm Files\STEP\grip link 1.par
|  |--+Created SE Part File D:\GitHub\Arduino-Robotic-Arm\3D files\Arm Files\STEP\Gripper 1.par
|  |--+Reusing File D:\GitHub\Arduino-Robotic-Arm\3D files\Arm Files\STEP\Gripper 1.par
|  |--+Reusing File D:\GitHub\Arduino-Robotic-Arm\3D files\Arm Files\STEP\Servo Motor Micro  9g.par
|  |--+Reusing File D:\GitHub\Arduino-Robotic-Arm\3D files\Arm Files\STEP\grip link 1.par
|  |--+Reusing File D:\GitHub\Arduino-Robotic-Arm\3D files\Arm Files\STEP\grip link 1.par
|--+Total Parts: 20
|--+Assemblies: 0
|--+Solid Bodies: 20
|--+Sheet Bodies: 0
|--+End Assembly: 2
+Total Parts: 47
+Assemblies: 1
+Solid Bodies: 46
+Sheet Bodies: 0
+End Assembly: 1
Translation process completed
Total time required to translate and post process:00 : 00 : 02
